
----------------------------------
Using stored unhandled routes!.
   To discover new routes in the angular app use "npm run scully -- --scanRoutes"
----------------------------------
Puppeteer error while rendering "/blog/2021-03-11-blog"
TimeoutError: Navigation timeout of 30000 ms exceeded
 we will retry rendering this page up to 3 times.
Puppeteer error while rendering "/admin"
TimeoutError: Navigation timeout of 30000 ms exceeded
 we will retry rendering this page up to 3 times.
Puppeteer error while rendering "/blog/category1"
TimeoutError: Navigation timeout of 30000 ms exceeded
 we will retry rendering this page up to 3 times.Puppeteer error while rendering "/"
TimeoutError: Navigation timeout of 30000 ms exceeded
 we will retry rendering this page up to 3 times.


----------------------------------
Using stored unhandled routes!.
   To discover new routes in the angular app use "npm run scully -- --scanRoutes"
----------------------------------

----------------------------------
Using stored unhandled routes!.
   To discover new routes in the angular app use "npm run scully -- --scanRoutes"
----------------------------------
